build/app/intermediates/manifest_merge_blame_file/release/manifest-merger-blame-release-report.txt
1<?xml version="1.0" encoding="utf-8"?>
2<manifest xmlns:android="http://schemas.android.com/apk/res/android"
3    package="com.niones.arush"
4    android:versionCode="4003"
5    android:versionName="1.0.5" >
6
7    <uses-sdk
8        android:minSdkVersion="21"
8-->src\main\AndroidManifest.xml
9        android:targetSdkVersion="31" />
9-->src\main\AndroidManifest.xml
10    <!--
11         io.flutter.app.FlutterApplication is an android.app.Application that
12         calls FlutterMain.startInitialization(this); in its onCreate method.
13         In most cases you can leave this as-is, but you if you want to provide
14         additional functionality it is fine to subclass or reimplement
15         FlutterApplication and put your custom class here.
16    -->
17    <uses-permission android:name="android.permission.CAMERA" />
17-->src\main\AndroidManifest.xml:8:5-64
17-->src\main\AndroidManifest.xml:8:22-62
18    <uses-permission android:name="android.permission.RECORD_AUDIO" />
18-->src\main\AndroidManifest.xml:9:5-70
18-->src\main\AndroidManifest.xml:9:22-68
19    <uses-permission android:name="android.permission.INTERNET" />
19-->src\main\AndroidManifest.xml:10:5-66
19-->src\main\AndroidManifest.xml:10:22-64
20    <uses-permission android:name="android.permission.ACCESS_COARSE_LOCATION" />
20-->src\main\AndroidManifest.xml:11:5-80
20-->src\main\AndroidManifest.xml:11:22-78
21    <uses-permission android:name="android.permission.ACCESS_FINE_LOCATION" />
21-->src\main\AndroidManifest.xml:12:5-79
21-->src\main\AndroidManifest.xml:12:22-76
22    <uses-permission android:name="android.permission.READ_EXTERNAL_STORAGE" />
22-->src\main\AndroidManifest.xml:13:5-80
22-->src\main\AndroidManifest.xml:13:22-77
23    <uses-permission android:name="android.permission.WRITE_EXTERNAL_STORAGE" />
23-->src\main\AndroidManifest.xml:14:5-80
23-->src\main\AndroidManifest.xml:14:22-78
24    <uses-permission android:name="android.permission.GALLERY" />
24-->src\main\AndroidManifest.xml:15:5-65
24-->src\main\AndroidManifest.xml:15:22-63
25
26    <queries>
26-->src\main\AndroidManifest.xml:17:5-30:15
27        <intent>
27-->src\main\AndroidManifest.xml:18:9-21:18
28            <action android:name="android.intent.action.VIEW" />
28-->src\main\AndroidManifest.xml:19:13-65
28-->src\main\AndroidManifest.xml:19:21-62
29
30            <data android:scheme="https" />
30-->src\main\AndroidManifest.xml:20:13-44
30-->src\main\AndroidManifest.xml:20:19-41
31        </intent>
32        <intent>
32-->src\main\AndroidManifest.xml:22:9-25:18
33            <action android:name="android.intent.action.DIAL" />
33-->src\main\AndroidManifest.xml:23:13-65
33-->src\main\AndroidManifest.xml:23:21-62
34
35            <data android:scheme="tel" />
35-->src\main\AndroidManifest.xml:20:13-44
35-->src\main\AndroidManifest.xml:20:19-41
36        </intent>
37        <intent>
37-->src\main\AndroidManifest.xml:26:9-29:18
38            <action android:name="android.intent.action.SEND" />
38-->src\main\AndroidManifest.xml:27:13-65
38-->src\main\AndroidManifest.xml:27:21-62
39
40            <data android:mimeType="*/*" />
40-->src\main\AndroidManifest.xml:20:13-44
40-->src\main\AndroidManifest.xml:28:19-41
41        </intent>
42    </queries>
43
44    <uses-permission android:name="android.permission.ACCESS_NETWORK_STATE" />
44-->[com.google.android.gms:play-services-measurement-api:17.2.2] AndroidManifest.xml:23:5-79
44-->[com.google.android.gms:play-services-measurement-api:17.2.2] AndroidManifest.xml:23:22-76
45    <uses-permission android:name="android.permission.WAKE_LOCK" /> <!-- Required by older versions of Google Play services to create IID tokens -->
45-->[com.google.android.gms:play-services-measurement-api:17.2.2] AndroidManifest.xml:24:5-68
45-->[com.google.android.gms:play-services-measurement-api:17.2.2] AndroidManifest.xml:24:22-65
46    <uses-permission android:name="com.google.android.c2dm.permission.RECEIVE" />
46-->[com.google.firebase:firebase-iid:20.0.2] AndroidManifest.xml:26:5-82
46-->[com.google.firebase:firebase-iid:20.0.2] AndroidManifest.xml:26:22-79
47    <uses-permission android:name="com.google.android.finsky.permission.BIND_GET_INSTALL_REFERRER_SERVICE" />
47-->[com.google.android.gms:play-services-measurement:17.2.2] AndroidManifest.xml:26:5-110
47-->[com.google.android.gms:play-services-measurement:17.2.2] AndroidManifest.xml:26:22-107
48
49    <application
49-->src\main\AndroidManifest.xml:32:5-94:19
50        android:appComponentFactory="androidx.core.app.CoreComponentFactory"
50-->[androidx.core:core:1.8.0] AndroidManifest.xml:24:18-86
51        android:icon="@mipmap/ic_launcher"
51-->src\main\AndroidManifest.xml:35:9-43
52        android:label="Alturush Delivery"
52-->src\main\AndroidManifest.xml:34:9-42
53        android:usesCleartextTraffic="true" >
53-->src\main\AndroidManifest.xml:33:9-44
54        <meta-data
54-->src\main\AndroidManifest.xml:37:9-38:54
55            android:name="com.facebook.sdk.ApplicationId"
55-->src\main\AndroidManifest.xml:37:20-65
56            android:value="@string/facebook_app_id" />
56-->src\main\AndroidManifest.xml:38:13-52
57
58        <activity
58-->src\main\AndroidManifest.xml:40:9-43:48
59            android:name="com.facebook.FacebookActivity"
59-->src\main\AndroidManifest.xml:40:19-63
60            android:configChanges="keyboard|keyboardHidden|screenLayout|screenSize|orientation"
60-->src\main\AndroidManifest.xml:41:13-114
61            android:label="@string/app_name" />
61-->src\main\AndroidManifest.xml:43:13-45
62        <activity
62-->src\main\AndroidManifest.xml:44:9-53:20
63            android:name="com.facebook.CustomTabActivity"
63-->src\main\AndroidManifest.xml:45:13-58
64            android:exported="true" >
64-->src\main\AndroidManifest.xml:46:13-36
65            <intent-filter>
65-->src\main\AndroidManifest.xml:47:13-52:29
66                <action android:name="android.intent.action.VIEW" />
66-->src\main\AndroidManifest.xml:19:13-65
66-->src\main\AndroidManifest.xml:19:21-62
67
68                <category android:name="android.intent.category.DEFAULT" />
68-->src\main\AndroidManifest.xml:49:17-76
68-->src\main\AndroidManifest.xml:49:27-73
69                <category android:name="android.intent.category.BROWSABLE" />
69-->src\main\AndroidManifest.xml:50:17-78
69-->src\main\AndroidManifest.xml:50:27-75
70
71                <data android:scheme="@string/fb_login_protocol_scheme" />
71-->src\main\AndroidManifest.xml:20:13-44
71-->src\main\AndroidManifest.xml:20:19-41
72            </intent-filter>
73        </activity>
74        <activity
74-->src\main\AndroidManifest.xml:55:9-87:20
75            android:name="com.niones.arush.MainActivity"
75-->src\main\AndroidManifest.xml:56:13-41
76            android:configChanges="orientation|keyboardHidden|keyboard|screenSize|smallestScreenSize|locale|layoutDirection|fontScale|screenLayout|density|uiMode"
76-->src\main\AndroidManifest.xml:60:13-163
77            android:exported="true"
77-->src\main\AndroidManifest.xml:57:13-36
78            android:hardwareAccelerated="true"
78-->src\main\AndroidManifest.xml:61:13-47
79            android:launchMode="singleTop"
79-->src\main\AndroidManifest.xml:58:13-43
80            android:theme="@style/LaunchTheme"
80-->src\main\AndroidManifest.xml:59:13-47
81            android:windowSoftInputMode="adjustResize" >
81-->src\main\AndroidManifest.xml:62:13-55
82
83            <!--
84                 Specifies an Android theme to apply to this Activity as soon as
85                 the Android process has started. This theme is visible to the user
86                 while the Flutter UI initializes. After that, this theme continues
87                 to determine the Window background behind the Flutter UI.
88            -->
89            <meta-data
89-->src\main\AndroidManifest.xml:68:13-71:17
90                android:name="io.flutter.embedding.android.NormalTheme"
90-->src\main\AndroidManifest.xml:69:15-70
91                android:resource="@style/NormalTheme" />
91-->src\main\AndroidManifest.xml:70:15-52
92            <!--
93                 Displays an Android View that continues showing the launch screen
94                 Drawable until Flutter paints its first frame, then this splash
95                 screen fades out. A splash screen is useful to avoid any visual
96                 gap between the end of Android's launch screen and the painting of
97                 Flutter's first frame.
98            -->
99            <!--
100         ///=========  uncomment if needed
101              <meta-data
102              android:name="io.flutter.embedding.android.SplashScreenDrawable"
103              android:resource="@drawable/launch_background"
104              />
105            -->
106            <intent-filter>
106-->src\main\AndroidManifest.xml:83:13-86:29
107                <action android:name="android.intent.action.MAIN" />
107-->src\main\AndroidManifest.xml:84:17-68
107-->src\main\AndroidManifest.xml:84:25-66
108
109                <category android:name="android.intent.category.LAUNCHER" />
109-->src\main\AndroidManifest.xml:85:17-76
109-->src\main\AndroidManifest.xml:85:27-74
110            </intent-filter>
111        </activity>
112        <!--
113             Don't delete the meta-data below.
114             This is used by the Flutter tool to generate GeneratedPluginRegistrant.java
115        -->
116        <meta-data
116-->src\main\AndroidManifest.xml:90:9-93:40
117            android:name="flutterEmbedding"
117-->src\main\AndroidManifest.xml:91:13-44
118            android:required="false"
118-->src\main\AndroidManifest.xml:93:13-37
119            android:value="2" />
119-->src\main\AndroidManifest.xml:92:13-30
120
121        <provider
121-->[:image_picker_android] AndroidManifest.xml:10:9-18:20
122            android:name="io.flutter.plugins.imagepicker.ImagePickerFileProvider"
122-->[:image_picker_android] AndroidManifest.xml:11:13-82
123            android:authorities="com.niones.arush.flutter.image_provider"
123-->[:image_picker_android] AndroidManifest.xml:12:13-74
124            android:exported="false"
124-->[:image_picker_android] AndroidManifest.xml:13:13-37
125            android:grantUriPermissions="true" >
125-->[:image_picker_android] AndroidManifest.xml:14:13-47
126            <meta-data
126-->[:image_picker_android] AndroidManifest.xml:15:13-17:75
127                android:name="android.support.FILE_PROVIDER_PATHS"
127-->[:image_picker_android] AndroidManifest.xml:16:17-67
128                android:resource="@xml/flutter_image_picker_file_paths" />
128-->[:image_picker_android] AndroidManifest.xml:17:17-72
129        </provider>
130
131        <activity
131-->[:url_launcher_android] AndroidManifest.xml:10:9-13:74
132            android:name="io.flutter.plugins.urllauncher.WebViewActivity"
132-->[:url_launcher_android] AndroidManifest.xml:11:13-74
133            android:exported="false"
133-->[:url_launcher_android] AndroidManifest.xml:12:13-37
134            android:theme="@android:style/Theme.NoTitleBar.Fullscreen" />
134-->[:url_launcher_android] AndroidManifest.xml:13:13-71
135
136        <uses-library
136-->[androidx.window:window:1.0.0-beta04] AndroidManifest.xml:25:9-27:40
137            android:name="androidx.window.extensions"
137-->[androidx.window:window:1.0.0-beta04] AndroidManifest.xml:26:13-54
138            android:required="false" />
138-->[androidx.window:window:1.0.0-beta04] AndroidManifest.xml:27:13-37
139        <uses-library
139-->[androidx.window:window:1.0.0-beta04] AndroidManifest.xml:28:9-30:40
140            android:name="androidx.window.sidecar"
140-->[androidx.window:window:1.0.0-beta04] AndroidManifest.xml:29:13-51
141            android:required="false" />
141-->[androidx.window:window:1.0.0-beta04] AndroidManifest.xml:30:13-37
142
143        <service
143-->[com.google.android.gms:play-services-measurement-api:17.2.2] AndroidManifest.xml:27:9-33:19
144            android:name="com.google.firebase.components.ComponentDiscoveryService"
144-->[com.google.android.gms:play-services-measurement-api:17.2.2] AndroidManifest.xml:28:13-84
145            android:directBootAware="true"
145-->[com.google.firebase:firebase-common:19.3.0] AndroidManifest.xml:34:13-43
146            android:exported="false" >
146-->[com.google.android.gms:play-services-measurement-api:17.2.2] AndroidManifest.xml:29:13-37
147            <meta-data
147-->[com.google.android.gms:play-services-measurement-api:17.2.2] AndroidManifest.xml:30:13-32:85
148                android:name="com.google.firebase.components:com.google.firebase.analytics.connector.internal.AnalyticsConnectorRegistrar"
148-->[com.google.android.gms:play-services-measurement-api:17.2.2] AndroidManifest.xml:31:17-139
149                android:value="com.google.firebase.components.ComponentRegistrar" />
149-->[com.google.android.gms:play-services-measurement-api:17.2.2] AndroidManifest.xml:32:17-82
150            <meta-data
150-->[com.google.firebase:firebase-iid:20.0.2] AndroidManifest.xml:32:13-34:85
151                android:name="com.google.firebase.components:com.google.firebase.iid.Registrar"
151-->[com.google.firebase:firebase-iid:20.0.2] AndroidManifest.xml:33:17-96
152                android:value="com.google.firebase.components.ComponentRegistrar" />
152-->[com.google.firebase:firebase-iid:20.0.2] AndroidManifest.xml:34:17-82
153        </service>
154
155        <receiver
155-->[com.google.firebase:firebase-iid:20.0.2] AndroidManifest.xml:37:9-44:20
156            android:name="com.google.firebase.iid.FirebaseInstanceIdReceiver"
156-->[com.google.firebase:firebase-iid:20.0.2] AndroidManifest.xml:38:13-78
157            android:exported="true"
157-->[com.google.firebase:firebase-iid:20.0.2] AndroidManifest.xml:39:13-36
158            android:permission="com.google.android.c2dm.permission.SEND" >
158-->[com.google.firebase:firebase-iid:20.0.2] AndroidManifest.xml:40:13-73
159            <intent-filter>
159-->[com.google.firebase:firebase-iid:20.0.2] AndroidManifest.xml:41:13-43:29
160                <action android:name="com.google.android.c2dm.intent.RECEIVE" />
160-->[com.google.firebase:firebase-iid:20.0.2] AndroidManifest.xml:42:17-81
160-->[com.google.firebase:firebase-iid:20.0.2] AndroidManifest.xml:42:25-78
161            </intent-filter>
162        </receiver>
163
164        <activity
164-->[com.google.android.gms:play-services-base:17.0.0] AndroidManifest.xml:23:9-26:75
165            android:name="com.google.android.gms.common.api.GoogleApiActivity"
165-->[com.google.android.gms:play-services-base:17.0.0] AndroidManifest.xml:24:13-79
166            android:exported="false"
166-->[com.google.android.gms:play-services-base:17.0.0] AndroidManifest.xml:25:13-37
167            android:theme="@android:style/Theme.Translucent.NoTitleBar" />
167-->[com.google.android.gms:play-services-base:17.0.0] AndroidManifest.xml:26:13-72
168
169        <receiver
169-->[com.google.android.gms:play-services-measurement:17.2.2] AndroidManifest.xml:29:9-33:20
170            android:name="com.google.android.gms.measurement.AppMeasurementReceiver"
170-->[com.google.android.gms:play-services-measurement:17.2.2] AndroidManifest.xml:30:13-85
171            android:enabled="true"
171-->[com.google.android.gms:play-services-measurement:17.2.2] AndroidManifest.xml:31:13-35
172            android:exported="false" >
172-->[com.google.android.gms:play-services-measurement:17.2.2] AndroidManifest.xml:32:13-37
173        </receiver>
174        <receiver
174-->[com.google.android.gms:play-services-measurement:17.2.2] AndroidManifest.xml:34:9-42:20
175            android:name="com.google.android.gms.measurement.AppMeasurementInstallReferrerReceiver"
175-->[com.google.android.gms:play-services-measurement:17.2.2] AndroidManifest.xml:35:13-100
176            android:enabled="true"
176-->[com.google.android.gms:play-services-measurement:17.2.2] AndroidManifest.xml:36:13-35
177            android:exported="true"
177-->[com.google.android.gms:play-services-measurement:17.2.2] AndroidManifest.xml:37:13-36
178            android:permission="android.permission.INSTALL_PACKAGES" >
178-->[com.google.android.gms:play-services-measurement:17.2.2] AndroidManifest.xml:38:13-69
179            <intent-filter>
179-->[com.google.android.gms:play-services-measurement:17.2.2] AndroidManifest.xml:39:13-41:29
180                <action android:name="com.android.vending.INSTALL_REFERRER" />
180-->[com.google.android.gms:play-services-measurement:17.2.2] AndroidManifest.xml:40:17-79
180-->[com.google.android.gms:play-services-measurement:17.2.2] AndroidManifest.xml:40:25-76
181            </intent-filter>
182        </receiver>
183
184        <service
184-->[com.google.android.gms:play-services-measurement:17.2.2] AndroidManifest.xml:44:9-47:40
185            android:name="com.google.android.gms.measurement.AppMeasurementService"
185-->[com.google.android.gms:play-services-measurement:17.2.2] AndroidManifest.xml:45:13-84
186            android:enabled="true"
186-->[com.google.android.gms:play-services-measurement:17.2.2] AndroidManifest.xml:46:13-35
187            android:exported="false" />
187-->[com.google.android.gms:play-services-measurement:17.2.2] AndroidManifest.xml:47:13-37
188        <service
188-->[com.google.android.gms:play-services-measurement:17.2.2] AndroidManifest.xml:48:9-52:72
189            android:name="com.google.android.gms.measurement.AppMeasurementJobService"
189-->[com.google.android.gms:play-services-measurement:17.2.2] AndroidManifest.xml:49:13-87
190            android:enabled="true"
190-->[com.google.android.gms:play-services-measurement:17.2.2] AndroidManifest.xml:50:13-35
191            android:exported="false"
191-->[com.google.android.gms:play-services-measurement:17.2.2] AndroidManifest.xml:51:13-37
192            android:permission="android.permission.BIND_JOB_SERVICE" />
192-->[com.google.android.gms:play-services-measurement:17.2.2] AndroidManifest.xml:52:13-69
193
194        <provider
194-->[com.google.firebase:firebase-common:19.3.0] AndroidManifest.xml:26:9-30:39
195            android:name="com.google.firebase.provider.FirebaseInitProvider"
195-->[com.google.firebase:firebase-common:19.3.0] AndroidManifest.xml:27:13-77
196            android:authorities="com.niones.arush.firebaseinitprovider"
196-->[com.google.firebase:firebase-common:19.3.0] AndroidManifest.xml:28:13-72
197            android:exported="false"
197-->[com.google.firebase:firebase-common:19.3.0] AndroidManifest.xml:29:13-37
198            android:initOrder="100" />
198-->[com.google.firebase:firebase-common:19.3.0] AndroidManifest.xml:30:13-36
199
200        <meta-data
200-->[com.google.android.gms:play-services-basement:17.0.0] AndroidManifest.xml:23:9-25:69
201            android:name="com.google.android.gms.version"
201-->[com.google.android.gms:play-services-basement:17.0.0] AndroidManifest.xml:24:13-58
202            android:value="@integer/google_play_services_version" />
202-->[com.google.android.gms:play-services-basement:17.0.0] AndroidManifest.xml:25:13-66
203    </application>
204
205</manifest>